<?xml version="1.0" encoding="UTF-8"?>
<!-- Generated by org.testng.reporters.JUnitReportReporter -->
<testsuite hostname="DESKTOP-BDOOC5C" failures="0" tests="1" name="testcases.Cart_page_Test" time="17.702" errors="0" timestamp="2024-10-23T12:03:30 IST" skipped="0">
  <testcase classname="testcases.Cart_page_Test" name="VerifyCartPageUrl_Test" time="17.702"/>
  <system-out>
    <![CDATA[https://www.saucedemo.com/cart.html]]>
  </system-out>
</testsuite> <!-- testcases.Cart_page_Test -->
