<?xml version="1.0" encoding="UTF-8"?>
<!-- Generated by org.testng.reporters.JUnitReportReporter -->
<testsuite hostname="DESKTOP-BDOOC5C" failures="0" tests="5" name="testcases.Checkout_StepOne_Page_Test" time="22.780" errors="0" timestamp="2024-10-22T14:13:03 IST" skipped="2">
  <testcase classname="testcases.Checkout_StepOne_Page_Test" name="VerifyImgGoBack_Test" time="7.251"/>
  <system-out>
    <![CDATA[GoBack Image 1 is Present true]]>
  </system-out>
  <testcase classname="testcases.Checkout_StepOne_Page_Test" name="InputCredentials_Test" time="8.124"/>
  <system-out>
    <![CDATA[https://www.saucedemo.com/checkout-step-two.html]]>
  </system-out>
  <testcase classname="testcases.Checkout_StepOne_Page_Test" name="VerifyPageTitleCheckout_Test" time="7.405"/>
  <system-out>
    <![CDATA[Checkout: Your Information]]>
  </system-out>
  <testcase classname="testcases.Checkout_StepOne_Page_Test" name="VerifyError_Test">
    <skipped/>
  </testcase> <!-- VerifyError_Test -->
  <system-out/>
  <testcase classname="testcases.Checkout_StepOne_Page_Test" name="VerifyErrorBtn_Test">
    <skipped/>
  </testcase> <!-- VerifyErrorBtn_Test -->
  <system-out/>
</testsuite> <!-- testcases.Checkout_StepOne_Page_Test -->
