<?xml version="1.0" encoding="UTF-8"?>
<!-- Generated by org.testng.reporters.JUnitReportReporter -->
<testsuite hostname="DESKTOP-BDOOC5C" failures="0" tests="25" name="testcases.Inventory_Page_Test" time="134.882" errors="0" timestamp="2024-10-22T14:13:03 IST" skipped="0">
  <testcase classname="testcases.Inventory_Page_Test" name="VerifyProd2Desc_Test" time="10.479"/>
  <system-out>
    <![CDATA[A red light isn't the desired state in testing but it sure helps when riding your bike at night. Water-resistant with 3 lighting modes, 1 AAA battery included.]]>
  </system-out>
  <testcase classname="testcases.Inventory_Page_Test" name="VerifyProd5Desc_Test" time="4.710"/>
  <system-out>
    <![CDATA[Rib snap infant onesie for the junior automation engineer in development. Reinforced 3-snap bottom closure, two-needle hemmed sleeved and bottom won't unravel.]]>
  </system-out>
  <testcase classname="testcases.Inventory_Page_Test" name="VerifyProd6Desc_Test" time="4.590"/>
  <system-out>
    <![CDATA[This classic Sauce Labs t-shirt is perfect to wear when cozying up to your keyboard to automate a few tests. Super-soft and comfy ringspun combed cotton.]]>
  </system-out>
  <testcase classname="testcases.Inventory_Page_Test" name="VerifyImgProd6_Test" time="4.644"/>
  <system-out>
    <![CDATA[Image6 Is Presenttrue]]>
  </system-out>
  <testcase classname="testcases.Inventory_Page_Test" name="VerifyProd1Desc_Test" time="5.052"/>
  <system-out>
    <![CDATA[carry.allTheThings() with the sleek, streamlined Sly Pack that melds uncompromising style with unequaled laptop and tablet protection.]]>
  </system-out>
  <testcase classname="testcases.Inventory_Page_Test" name="VerifyImgProd3_Test" time="4.835"/>
  <system-out>
    <![CDATA[Image3 Is Presenttrue]]>
  </system-out>
  <testcase classname="testcases.Inventory_Page_Test" name="VerifyProd4_Test" time="5.123"/>
  <system-out>
    <![CDATA[Sauce Labs Fleece Jacket]]>
  </system-out>
  <testcase classname="testcases.Inventory_Page_Test" name="VerifyImgProd2_Test" time="5.077"/>
  <system-out>
    <![CDATA[Image2 Is Presenttrue]]>
  </system-out>
  <testcase classname="testcases.Inventory_Page_Test" name="Remove4products_Test" time="11.491"/>
  <system-out>
    <![CDATA[Total Products in cart 2]]>
  </system-out>
  <testcase classname="testcases.Inventory_Page_Test" name="verifyFooter_Test" time="4.934"/>
  <system-out>
    <![CDATA[Footer is Presenttrue]]>
  </system-out>
  <testcase classname="testcases.Inventory_Page_Test" name="verifyTwitterLogo_Test" time="5.287"/>
  <system-out>
    <![CDATA[Twitter Logo is Presenttrue]]>
  </system-out>
  <testcase classname="testcases.Inventory_Page_Test" name="VerifyProd1_Test" time="4.493"/>
  <system-out>
    <![CDATA[Sauce Labs Backpack]]>
  </system-out>
  <testcase classname="testcases.Inventory_Page_Test" name="VerifyImgProd1_Test" time="4.403"/>
  <system-out>
    <![CDATA[Image1 Is Presenttrue]]>
  </system-out>
  <testcase classname="testcases.Inventory_Page_Test" name="VerifyImgProd5_Test" time="4.910"/>
  <system-out>
    <![CDATA[Image5 Is Presenttrue]]>
  </system-out>
  <testcase classname="testcases.Inventory_Page_Test" name="VerifyProd6_Test" time="4.984"/>
  <system-out>
    <![CDATA[Test.allTheThings() T-Shirt (Red)]]>
  </system-out>
  <testcase classname="testcases.Inventory_Page_Test" name="VerifyProd3Desc_Test" time="4.203"/>
  <system-out>
    <![CDATA[Get your testing superhero on with the Sauce Labs bolt T-shirt. From American Apparel, 100% ringspun combed cotton, heather gray with red bolt.]]>
  </system-out>
  <testcase classname="testcases.Inventory_Page_Test" name="VerifyProd3_Test" time="4.847"/>
  <system-out>
    <![CDATA[Sauce Labs Bolt T-Shirt]]>
  </system-out>
  <testcase classname="testcases.Inventory_Page_Test" name="add6product_Test" time="7.530"/>
  <system-out>
    <![CDATA[Total Products Added 6]]>
  </system-out>
  <testcase classname="testcases.Inventory_Page_Test" name="VerifyProd2_Test" time="4.449"/>
  <system-out>
    <![CDATA[Sauce Labs Bike Light]]>
  </system-out>
  <testcase classname="testcases.Inventory_Page_Test" name="VerifyProd5_Test" time="5.088"/>
  <system-out>
    <![CDATA[Sauce Labs Onesie]]>
  </system-out>
  <testcase classname="testcases.Inventory_Page_Test" name="VerifyProd4Desc_Test" time="4.887"/>
  <system-out>
    <![CDATA[It's not every day that you come across a midweight quarter-zip fleece jacket capable of handling everything from a relaxing day outdoors to a busy day at the office.]]>
  </system-out>
  <testcase classname="testcases.Inventory_Page_Test" name="verifypagetitle_Test" time="4.768"/>
  <system-out>
    <![CDATA[Page TitleProducts]]>
  </system-out>
  <testcase classname="testcases.Inventory_Page_Test" name="VerifyImgProd4_Test" time="4.868"/>
  <system-out>
    <![CDATA[Image4 Is Presenttrue]]>
  </system-out>
  <testcase classname="testcases.Inventory_Page_Test" name="verifyfacebooklogo_Test" time="4.800"/>
  <system-out>
    <![CDATA[Facebook Logo Is Presenttrue]]>
  </system-out>
  <testcase classname="testcases.Inventory_Page_Test" name="verifylinkedInLogo_Test" time="4.430"/>
  <system-out>
    <![CDATA[linkedIn Logo is Presenttrue]]>
  </system-out>
</testsuite> <!-- testcases.Inventory_Page_Test -->
