<?xml version="1.0" encoding="UTF-8"?>
<!-- Generated by org.testng.reporters.JUnitReportReporter -->
<testsuite hostname="DESKTOP-BDOOC5C" failures="0" tests="5" name="testcases.Complete_Page_Test" time="47.505" errors="0" timestamp="2024-10-18T12:22:04 IST" skipped="0">
  <testcase classname="testcases.Complete_Page_Test" name="ClickHomeBtn_Test" time="9.745"/>
  <system-out>
    <![CDATA[https://www.saucedemo.com/inventory.html]]>
  </system-out>
  <testcase classname="testcases.Complete_Page_Test" name="VerifyDispatched_Test" time="8.225"/>
  <system-out>
    <![CDATA[Your order has been dispatched, and will arrive just as fast as the pony can get there!]]>
  </system-out>
  <testcase classname="testcases.Complete_Page_Test" name="VerifyThankyou_Test" time="10.138"/>
  <system-out>
    <![CDATA[Thank you for your order!]]>
  </system-out>
  <testcase classname="testcases.Complete_Page_Test" name="VerifyImage_Test" time="8.602"/>
  <system-out>
    <![CDATA[Image is Present true]]>
  </system-out>
  <testcase classname="testcases.Complete_Page_Test" name="VerifyCompletePage_Title_Test" time="10.795"/>
  <system-out>
    <![CDATA[Checkout: Complete!]]>
  </system-out>
</testsuite> <!-- testcases.Complete_Page_Test -->
