<?xml version="1.0" encoding="UTF-8"?>
<!-- Generated by org.testng.reporters.JUnitReportReporter -->
<testsuite hostname="DESKTOP-BDOOC5C" failures="0" tests="12" name="testcases.Checkout_StepTwo_Page_Test" time="120.020" errors="0" timestamp="2024-10-18T12:22:04 IST" skipped="0">
  <testcase classname="testcases.Checkout_StepTwo_Page_Test" name="VerifyImgGoBack2_Test" time="10.420"/>
  <system-out>
    <![CDATA[GoBack Image2 is Visible true]]>
  </system-out>
  <testcase classname="testcases.Checkout_StepTwo_Page_Test" name="VerifyPaymentInfoLabel_Test" time="10.012"/>
  <system-out>
    <![CDATA[Payment Information:]]>
  </system-out>
  <testcase classname="testcases.Checkout_StepTwo_Page_Test" name="VerifyTaxLabel_Test" time="9.571"/>
  <system-out>
    <![CDATA[Tax Label is Present true]]>
  </system-out>
  <testcase classname="testcases.Checkout_StepTwo_Page_Test" name="VerifyOvervievPageTitle_Test" time="10.202"/>
  <system-out>
    <![CDATA[Checkout: Overview]]>
  </system-out>
  <testcase classname="testcases.Checkout_StepTwo_Page_Test" name="VerifyShippingInfoLabel_Test" time="9.368"/>
  <system-out>
    <![CDATA[Shipping Information:]]>
  </system-out>
  <testcase classname="testcases.Checkout_StepTwo_Page_Test" name="ClickCancelBtn_Test" time="9.891"/>
  <system-out>
    <![CDATA[https://www.saucedemo.com/inventory.html]]>
  </system-out>
  <testcase classname="testcases.Checkout_StepTwo_Page_Test" name="ClickFinishBtn_Test" time="9.995"/>
  <system-out>
    <![CDATA[https://www.saucedemo.com/checkout-complete.html]]>
  </system-out>
  <testcase classname="testcases.Checkout_StepTwo_Page_Test" name="VerifyFreeDeliveryLabel_Test" time="10.181"/>
  <system-out>
    <![CDATA[Free Pony Express Delivery!]]>
  </system-out>
  <testcase classname="testcases.Checkout_StepTwo_Page_Test" name="VerifySubTotalLabel_Test" time="10.693"/>
  <system-out>
    <![CDATA[Subtotal Is Present true]]>
  </system-out>
  <testcase classname="testcases.Checkout_StepTwo_Page_Test" name="VerifySaucecardLabel_Test" time="9.825"/>
  <system-out>
    <![CDATA[SauceCard #31337]]>
  </system-out>
  <testcase classname="testcases.Checkout_StepTwo_Page_Test" name="TotalLabel_Test" time="9.902"/>
  <system-out>
    <![CDATA[Total Label is Present true]]>
  </system-out>
  <testcase classname="testcases.Checkout_StepTwo_Page_Test" name="VerifyTotalPriceLabel_Test" time="9.960"/>
  <system-out>
    <![CDATA[Price Total]]>
  </system-out>
</testsuite> <!-- testcases.Checkout_StepTwo_Page_Test -->
