<?xml version="1.0" encoding="UTF-8"?>
<!-- Generated by org.testng.reporters.JUnitReportReporter -->
<testsuite hostname="DESKTOP-BDOOC5C" failures="0" tests="9" name="testcases.Cart_page_Test" time="94.855" errors="0" timestamp="2024-10-18T12:22:04 IST" skipped="0">
  <testcase classname="testcases.Cart_page_Test" name="ClickonContinueBtn_Test" time="9.108"/>
  <system-out>
    <![CDATA[https://www.saucedemo.com/inventory.html]]>
  </system-out>
  <testcase classname="testcases.Cart_page_Test" name="VerifyImgGoBack_Test" time="9.204"/>
  <system-out>
    <![CDATA[GoBack Image is Presenttrue]]>
  </system-out>
  <testcase classname="testcases.Cart_page_Test" name="VerifyQTY_Test" time="11.524"/>
  <system-out>
    <![CDATA[QTY is present true]]>
  </system-out>
  <testcase classname="testcases.Cart_page_Test" name="VerifyDescription_Test" time="10.095"/>
  <system-out>
    <![CDATA[description is present true]]>
  </system-out>
  <testcase classname="testcases.Cart_page_Test" name="clickonCheckoutBtn_Test" time="15.284"/>
  <system-out>
    <![CDATA[https://www.saucedemo.com/checkout-step-one.html]]>
  </system-out>
  <testcase classname="testcases.Cart_page_Test" name="VerifyCartPageUrl_Test" time="10.045"/>
  <system-out>
    <![CDATA[https://www.saucedemo.com/cart.html]]>
  </system-out>
  <testcase classname="testcases.Cart_page_Test" name="VerifyCartBackpack_Test" time="10.128"/>
  <system-out>
    <![CDATA[Sauce Labs Backpack]]>
  </system-out>
  <testcase classname="testcases.Cart_page_Test" name="verifyPageTitle_Test" time="8.820"/>
  <system-out>
    <![CDATA[Your Cart]]>
  </system-out>
  <testcase classname="testcases.Cart_page_Test" name="VerifyRemoveBtn_Test" time="10.647"/>
  <system-out>
    <![CDATA[Remove]]>
  </system-out>
</testsuite> <!-- testcases.Cart_page_Test -->
