<?xml version="1.0" encoding="UTF-8"?>
<!-- Generated by org.testng.reporters.JUnitReportReporter -->
<testsuite hostname="DESKTOP-BDOOC5C" failures="0" tests="3" name="testcases.LoginPage_Test" time="16.730" errors="0" timestamp="2024-10-22T14:13:03 IST" skipped="0">
  <testcase classname="testcases.LoginPage_Test" name="VerifyURLofApplicationtest" time="4.909"/>
  <system-out>
    <![CDATA[https://www.saucedemo.com/]]>
  </system-out>
  <testcase classname="testcases.LoginPage_Test" name="VerifyTitleofApplicationTest" time="5.768"/>
  <system-out>
    <![CDATA[Swag Labs]]>
  </system-out>
  <testcase classname="testcases.LoginPage_Test" name="LoginToApplicationTest" time="6.053"/>
  <system-out>
    <![CDATA[https://www.saucedemo.com/inventory.html]]>
  </system-out>
</testsuite> <!-- testcases.LoginPage_Test -->
