<?xml version="1.0" encoding="UTF-8"?>
<!-- Generated by org.testng.reporters.JUnitReportReporter -->
<testsuite hostname="DESKTOP-BDOOC5C" failures="0" tests="3" name="testcases.LoginPage_Test" time="21.060" errors="0" timestamp="2024-10-19T13:41:17 IST" skipped="0">
  <testcase classname="testcases.LoginPage_Test" name="VerifyURLofApplicationtest" time="4.500"/>
  <system-out>
    <![CDATA[https://www.saucedemo.com/]]>
  </system-out>
  <testcase classname="testcases.LoginPage_Test" name="VerifyTitleofApplicationTest" time="11.062"/>
  <system-out>
    <![CDATA[Swag Labs]]>
  </system-out>
  <testcase classname="testcases.LoginPage_Test" name="LoginToApplicationTest" time="5.498"/>
  <system-out>
    <![CDATA[https://www.saucedemo.com/inventory.html]]>
  </system-out>
</testsuite> <!-- testcases.LoginPage_Test -->
